<?xml version="1.0" encoding="UTF-8"?>
<testsuites name="jest tests" tests="33" failures="0" errors="0" time="23.479">
  <testsuite name="📊 WorkoutCompletion model" errors="0" failures="0" skipped="0" timestamp="2025-05-12T18:18:36" time="5.788" tests="7">
    <testcase classname="📊 WorkoutCompletion model logs a workout completion for valid user and workout" name="📊 WorkoutCompletion model logs a workout completion for valid user and workout" time="0.764">
    </testcase>
    <testcase classname="📊 WorkoutCompletion model rejects workout completion with invalid user or workout" name="📊 WorkoutCompletion model rejects workout completion with invalid user or workout" time="0.558">
    </testcase>
    <testcase classname="📊 WorkoutCompletion model queries workout completions by user and date" name="📊 WorkoutCompletion model queries workout completions by user and date" time="0.527">
    </testcase>
    <testcase classname="📊 DietPlanCompletion model logs a diet plan completion for valid user and diet plan" name="📊 DietPlanCompletion model logs a diet plan completion for valid user and diet plan" time="0.493">
    </testcase>
    <testcase classname="📊 DietPlanCompletion model rejects diet plan completion with invalid user or plan" name="📊 DietPlanCompletion model rejects diet plan completion with invalid user or plan" time="0.587">
    </testcase>
    <testcase classname="📊 DietPlanCompletion model queries diet completions by user and date" name="📊 DietPlanCompletion model queries diet completions by user and date" time="0.484">
    </testcase>
    <testcase classname="🧨 Cascade Deletes - Completion Records deletes user and cascades workout/diet completions" name="🧨 Cascade Deletes - Completion Records deletes user and cascades workout/diet completions" time="0.639">
    </testcase>
  </testsuite>
  <testsuite name="🧑‍💼 User Core Flow" errors="0" failures="0" skipped="0" timestamp="2025-05-12T18:18:42" time="5.937" tests="9">
    <testcase classname="🧑‍💼 User Core Flow creates user with email and password" name="🧑‍💼 User Core Flow creates user with email and password" time="0.704">
    </testcase>
    <testcase classname="🧑‍💼 User Core Flow rejects duplicate user email" name="🧑‍💼 User Core Flow rejects duplicate user email" time="0.562">
    </testcase>
    <testcase classname="🧑‍💼 User Core Flow updates user profile fields" name="🧑‍💼 User Core Flow updates user profile fields" time="0.569">
    </testcase>
    <testcase classname="🔐 OAuth Accounts creates OAuth account for user" name="🔐 OAuth Accounts creates OAuth account for user" time="0.697">
    </testcase>
    <testcase classname="🔐 OAuth Accounts enforces unique [provider, providerAccountId]" name="🔐 OAuth Accounts enforces unique [provider, providerAccountId]" time="0.82">
    </testcase>
    <testcase classname="🕒 Sessions creates session and retrieves by token" name="🕒 Sessions creates session and retrieves by token" time="0.506">
    </testcase>
    <testcase classname="📈 Physical Fitness creates physical fitness profile for user" name="📈 Physical Fitness creates physical fitness profile for user" time="0.563">
    </testcase>
    <testcase classname="📈 Physical Fitness enforces one-to-one physical fitness per user" name="📈 Physical Fitness enforces one-to-one physical fitness per user" time="0.658">
    </testcase>
    <testcase classname="🧨 Cascade Deletes deletes user and cascades to accounts, sessions, fitness" name="🧨 Cascade Deletes deletes user and cascades to accounts, sessions, fitness" time="0.511">
    </testcase>
  </testsuite>
  <testsuite name="🥗 DietPlan model" errors="0" failures="0" skipped="0" timestamp="2025-05-12T18:18:48" time="5.18" tests="7">
    <testcase classname="🥗 DietPlan model creates a diet plan for a user" name="🥗 DietPlan model creates a diet plan for a user" time="1.683">
    </testcase>
    <testcase classname="🥗 DietPlan model rejects diet plan with invalid userEmail" name="🥗 DietPlan model rejects diet plan with invalid userEmail" time="0.486">
    </testcase>
    <testcase classname="🥗 DietPlan model updates diet plan meals and totalCalories" name="🥗 DietPlan model updates diet plan meals and totalCalories" time="0.478">
    </testcase>
    <testcase classname="🥗 DietPlan model cascades diet plans when user is deleted" name="🥗 DietPlan model cascades diet plans when user is deleted" time="0.56">
    </testcase>
    <testcase classname="🥘 Dish model inserts a unique dish by name" name="🥘 Dish model inserts a unique dish by name" time="0.617">
    </testcase>
    <testcase classname="🥘 Dish model rejects duplicate dish name" name="🥘 Dish model rejects duplicate dish name" time="0.532">
    </testcase>
    <testcase classname="🥘 Dish model updates dish macros and filters by low carb" name="🥘 Dish model updates dish macros and filters by low carb" time="0.538">
    </testcase>
  </testsuite>
  <testsuite name="🏋️ WorkoutPlan model" errors="0" failures="0" skipped="0" timestamp="2025-05-12T18:18:53" time="4.04" tests="7">
    <testcase classname="🏋️ WorkoutPlan model creates a workout plan linked to a user" name="🏋️ WorkoutPlan model creates a workout plan linked to a user" time="0.537">
    </testcase>
    <testcase classname="🏋️ WorkoutPlan model rejects workout plan with invalid userEmail" name="🏋️ WorkoutPlan model rejects workout plan with invalid userEmail" time="0.438">
    </testcase>
    <testcase classname="🏋️ WorkoutPlan model updates workout plan rating and number of users" name="🏋️ WorkoutPlan model updates workout plan rating and number of users" time="0.556">
    </testcase>
    <testcase classname="🏋️ WorkoutPlan model fetches workout plans by category" name="🏋️ WorkoutPlan model fetches workout plans by category" time="0.705">
    </testcase>
    <testcase classname="🏋️ WorkoutPlan model cascades workout plans on user deletion" name="🏋️ WorkoutPlan model cascades workout plans on user deletion" time="0.58">
    </testcase>
    <testcase classname="🏋️‍♀️ ExerciseDetails model creates a new exercise entry" name="🏋️‍♀️ ExerciseDetails model creates a new exercise entry" time="0.475">
    </testcase>
    <testcase classname="🏋️‍♀️ ExerciseDetails model fetches an exercise and updates targeted areas" name="🏋️‍♀️ ExerciseDetails model fetches an exercise and updates targeted areas" time="0.468">
    </testcase>
  </testsuite>
  <testsuite name="🔐 VerificationToken model" errors="0" failures="0" skipped="0" timestamp="2025-05-12T18:18:57" time="1.672" tests="3">
    <testcase classname="🔐 VerificationToken model creates a verification token" name="🔐 VerificationToken model creates a verification token" time="0.568">
    </testcase>
    <testcase classname="🔐 VerificationToken model enforces unique [identifier, token] combination" name="🔐 VerificationToken model enforces unique [identifier, token] combination" time="0.472">
    </testcase>
    <testcase classname="🔐 VerificationToken model looks up token by identifier" name="🔐 VerificationToken model looks up token by identifier" time="0.439">
    </testcase>
  </testsuite>
</testsuites>